<?xml version="1.0" encoding="UTF-8"?>
<testng-results ignored="0" total="2" passed="2" failed="0" skipped="0">
  <reporter-output>
  </reporter-output>
  <suite started-at="2025-05-13T21:38:12 IST" name="Default suite" finished-at="2025-05-13T21:38:30 IST" duration-ms="18089">
    <groups>
    </groups>
    <test started-at="2025-05-13T21:38:12 IST" name="Default test" finished-at="2025-05-13T21:38:30 IST" duration-ms="18089">
      <class name="assignment.TestNGColor">
        <test-method is-config="true" signature="launchBrowser()[pri:0, instance:assignment.TestNGColor@8462f31]" started-at="2025-05-13T21:38:12 IST" name="launchBrowser" finished-at="2025-05-13T21:38:23 IST" duration-ms="10586" status="PASS">
          <reporter-output>
          </reporter-output>
        </test-method> <!-- launchBrowser -->
        <test-method signature="verifyFirstAlertColor()[pri:0, instance:assignment.TestNGColor@8462f31]" started-at="2025-05-13T21:38:23 IST" name="verifyFirstAlertColor" finished-at="2025-05-13T21:38:23 IST" duration-ms="674" status="PASS">
          <reporter-output>
          </reporter-output>
        </test-method> <!-- verifyFirstAlertColor -->
        <test-method is-config="true" signature="launchBrowser()[pri:0, instance:assignment.TestNGColor@8462f31]" started-at="2025-05-13T21:38:23 IST" name="launchBrowser" finished-at="2025-05-13T21:38:30 IST" duration-ms="6697" status="PASS">
          <reporter-output>
          </reporter-output>
        </test-method> <!-- launchBrowser -->
        <test-method signature="verifyText()[pri:0, instance:assignment.TestNGColor@8462f31]" started-at="2025-05-13T21:38:30 IST" name="verifyText" finished-at="2025-05-13T21:38:30 IST" duration-ms="55" status="PASS">
          <reporter-output>
          </reporter-output>
        </test-method> <!-- verifyText -->
      </class> <!-- assignment.TestNGColor -->
    </test> <!-- Default test -->
  </suite> <!-- Default suite -->
</testng-results>
