<?xml version="1.0" encoding="UTF-8"?>
<!-- Generated by org.testng.reporters.JUnitXMLReporter -->
<testsuite ignored="1" hostname="DESKTOP-14E9C6J" failures="1" tests="7" name="feature" time="72.673" errors="0" timestamp="2025-05-12T12:16:05 IST">
  <testcase classname="testNgProject.BasicTestcase" name="verifyShowmessageButtonText" time="0.111"/>
  <testcase classname="testNgProject.BasicTestcase" name="verifyShowmessageButtonText" time="0.071"/>
  <testcase classname="testNgProject.BasicTestcase" name="verifyTitle" time="0.13">
    <failure type="java.lang.AssertionError" message="Failed due to existing bug expected [Anagha] but found [Obsqura Testing]">
      <![CDATA[java.lang.AssertionError: Failed due to existing bug expected [Anagha] but found [Obsqura Testing]
at testNgProject.BasicTestcase.verifyTitle(BasicTestcase.java:22)
at java.base/java.util.ArrayList.forEach(ArrayList.java:1541)
... Removed 32 stack frames]]>
    </failure>
  </testcase> <!-- verifyTitle -->
  <testcase classname="testNgProject.BasicTestcase" name="verifyShowmessageButtonEnabled" time="0.001">
    <skipped/>
  </testcase> <!-- verifyShowmessageButtonEnabled -->
  <testcase classname="testNgProject.DataProviderEx" name="verifySearch" time="3.466"/>
  <testcase classname="testNgProject.DataProviderEx" name="verifySearch" time="4.661"/>
  <testcase classname="testNgProject.DataProviderEx" name="verifySearch" time="4.933"/>
  <testcase classname="testNgProject.BasicTestcase" name="verifyShowmessageBackgroundColor" time="0.0">
    <ignored/>
  </testcase> <!-- verifyShowmessageBackgroundColor -->
</testsuite> <!-- feature -->
