<?xml version="1.0" encoding="UTF-8"?>
<!-- Generated by org.testng.reporters.JUnitXMLReporter -->
<testsuite ignored="1" hostname="DESKTOP-14E9C6J" failures="0" tests="7" name="test2" time="13.795" errors="0" timestamp="2025-05-12T12:17:53 IST">
  <testcase classname="testNgProject.MultidataProvider" name="verifySearch" time="0.798"/>
  <testcase classname="testNgProject.BasicTestcase" name="verifyShowmessageButtonText" time="0.05"/>
  <testcase classname="testNgProject.BasicTestcase" name="verifyShowmessageButtonText" time="0.0">
    <skipped/>
  </testcase> <!-- verifyShowmessageButtonText -->
  <testcase classname="testNgProject.BasicTestcase" name="verifyTitle" time="0.001">
    <skipped/>
  </testcase> <!-- verifyTitle -->
  <testcase classname="testNgProject.BasicTestcase" name="verifyShowmessageButtonEnabled" time="0.0">
    <skipped/>
  </testcase> <!-- verifyShowmessageButtonEnabled -->
  <testcase classname="testNgProject.MultidataProvider" name="verifySearch" time="0.0">
    <skipped/>
  </testcase> <!-- verifySearch -->
  <testcase classname="testNgProject.MultidataProvider" name="verifySearch" time="0.0">
    <skipped/>
  </testcase> <!-- verifySearch -->
  <testcase classname="testNgProject.BasicTestcase" name="verifyShowmessageBackgroundColor" time="0.0">
    <ignored/>
  </testcase> <!-- verifyShowmessageBackgroundColor -->
</testsuite> <!-- test2 -->
